WARNING: All log messages before absl::InitializeLog() is called are written to STDERR
I0000 00:00:1779791754.465114   61837 cudart_stub.cc:31] Could not find cuda drivers on your machine, GPU will not be used.
I0000 00:00:1779791754.549161   61837 cpu_feature_guard.cc:227] This TensorFlow binary is optimized to use available CPU instructions in performance-critical operations.
To enable the following instructions: AVX2 FMA, in other operations, rebuild TensorFlow with the appropriate compiler flags.
WARNING: All log messages before absl::InitializeLog() is called are written to STDERR
I0000 00:00:1779791756.795132   61837 cudart_stub.cc:31] Could not find cuda drivers on your machine, GPU will not be used.
INFO:     Started server process [61837]
INFO:     Waiting for application startup.
INFO:     Application startup complete.
INFO:     Uvicorn running on http://0.0.0.0:8000 (Press CTRL+C to quit)
Loaded 0 users from database.
Running in MOCK MODE
INFO:     127.0.0.1:48212 - "GET / HTTP/1.1" 200 OK
INFO:     127.0.0.1:48216 - "GET /video_feed HTTP/1.1" 200 OK
INFO:     127.0.0.1:48212 - "GET /static/style.css HTTP/1.1" 404 Not Found
INFO:     127.0.0.1:48218 - "GET /static/script.js HTTP/1.1" 404 Not Found
E0000 00:00:1779791769.837252   62150 cuda_platform.cc:52] failed call to cuInit: INTERNAL: CUDA error: Failed call to cuInit: UNKNOWN ERROR (303)
W0000 00:00:1779791770.657374   62150 cpu_allocator_impl.cc:82] Allocation of 411041792 exceeds 10% of free system memory.
W0000 00:00:1779791772.085579   62150 cpu_allocator_impl.cc:82] Allocation of 411041792 exceeds 10% of free system memory.
W0000 00:00:1779791773.355328   62150 cpu_allocator_impl.cc:82] Allocation of 411041792 exceeds 10% of free system memory.
W0000 00:00:1779791778.840476   62150 cpu_allocator_impl.cc:82] Allocation of 411041792 exceeds 10% of free system memory.
INFO:     Shutting down
INFO:     Waiting for background tasks to complete. (CTRL+C to force quit)
INFO:     Waiting for application shutdown.
INFO:     Application shutdown complete.
INFO:     Finished server process [61837]
